<?xml version="1.0" encoding="UTF-8"?>
<!-- Generated by org.testng.reporters.JUnitReportReporter -->
<testsuite hostname="DESKTOP-38Q9L5G" failures="0" tests="2" name="tests.CreateOrderTest" time="134.202" errors="0" timestamp="2025-07-03T14:09:38 IST" skipped="0">
  <testcase classname="tests.CreateOrderTest" name="testFillNewOrderAndCancelviaAdmin" time="89.390"/>
  <testcase classname="tests.CreateOrderTest" name="assigneeFlow" time="44.812"/>
</testsuite> <!-- tests.CreateOrderTest -->
