<?xml version="1.0" encoding="UTF-8"?>
<!-- Generated by org.testng.reporters.JUnitReportReporter -->
<testsuite hostname="DESKTOP-38Q9L5G" failures="0" tests="2" name="tests.DashboardTest" time="20.595" errors="0" timestamp="2025-06-27T12:49:38 IST" skipped="0">
  <testcase classname="tests.DashboardTest" name="testDashboardCountsBefore" time="10.831"/>
  <testcase classname="tests.DashboardTest" name="testDashboardCountsAfter" time="9.764"/>
</testsuite> <!-- tests.DashboardTest -->
