<?xml version="1.0" encoding="UTF-8"?>
<!-- Generated by org.testng.reporters.JUnitReportReporter -->
<testsuite hostname="DESKTOP-38Q9L5G" failures="0" tests="1" name="tests.AdminOrderFlowTest" time="3.334" errors="0" timestamp="2025-07-03T14:16:37 IST" skipped="0">
  <testcase classname="tests.AdminOrderFlowTest" name="createOrder" time="3.334"/>
</testsuite> <!-- tests.AdminOrderFlowTest -->
