<?xml version="1.0" encoding="UTF-8"?>
<!-- Generated by org.testng.reporters.JUnitReportReporter -->
<testsuite hostname="DESKTOP-38Q9L5G" failures="0" tests="9" name="tests.AdminOrderFlowTest" time="17.627" errors="0" timestamp="2025-07-04T16:29:13 IST" skipped="0">
  <testcase classname="tests.AdminOrderFlowTest" name="createOrder" time="3.681"/>
  <testcase classname="tests.AdminOrderFlowTest" name="completeStages" time="3.628"/>
  <testcase classname="tests.AdminOrderFlowTest" name="updateUser" time="0.234"/>
  <testcase classname="tests.AdminOrderFlowTest" name="splitOrder" time="0.174"/>
  <testcase classname="tests.AdminOrderFlowTest" name="addRemarks" time="0.799"/>
  <testcase classname="tests.AdminOrderFlowTest" name="verifyCompletion" time="2.523"/>
  <testcase classname="tests.AdminOrderFlowTest" name="updateTAT" time="2.656"/>
  <testcase classname="tests.AdminOrderFlowTest" name="addAndAssignUsers" time="3.170"/>
  <testcase classname="tests.AdminOrderFlowTest" name="addAttachments" time="0.762"/>
</testsuite> <!-- tests.AdminOrderFlowTest -->
