<?xml version="1.0" encoding="UTF-8"?>
<!-- Generated by org.testng.reporters.JUnitReportReporter -->
<testsuite hostname="DESKTOP-38Q9L5G" failures="0" tests="1" name="tests.LoginTest" time="7.861" errors="0" timestamp="2025-06-27T10:28:39 IST" skipped="0">
  <testcase classname="tests.LoginTest" name="testLogin" time="7.861"/>
</testsuite> <!-- tests.LoginTest -->
