<?xml version="1.0" encoding="UTF-8"?>
<!-- Generated by org.testng.reporters.JUnitReportReporter -->
<testsuite hostname="DESKTOP-38Q9L5G" failures="0" tests="1" name="tests.ReportValidationTest" time="22.412" errors="0" timestamp="2025-07-09T14:24:29 IST" skipped="0">
  <testcase classname="tests.ReportValidationTest" name="compareReportUIAndExcelData" time="22.412"/>
</testsuite> <!-- tests.ReportValidationTest -->
