<?xml version="1.0" encoding="UTF-8"?>
<!-- Generated by org.testng.reporters.JUnitReportReporter -->
<testsuite hostname="DESKTOP-38Q9L5G" failures="0" tests="8" name="tests.AdminOrderFlowTest" time="18.010" errors="0" timestamp="2025-07-09T18:03:47 IST" skipped="0">
  <testcase classname="tests.AdminOrderFlowTest" name="addRemarks" time="0.978"/>
  <testcase classname="tests.AdminOrderFlowTest" name="createOrder" time="3.548"/>
  <testcase classname="tests.AdminOrderFlowTest" name="addAttachments" time="0.880"/>
  <testcase classname="tests.AdminOrderFlowTest" name="verifyCompletion" time="3.007"/>
  <testcase classname="tests.AdminOrderFlowTest" name="updateTAT" time="2.831"/>
  <testcase classname="tests.AdminOrderFlowTest" name="addAndAssignUsers" time="2.968"/>
  <testcase classname="tests.AdminOrderFlowTest" name="splitOrder" time="0.219"/>
  <testcase classname="tests.AdminOrderFlowTest" name="completeStages" time="3.579"/>
</testsuite> <!-- tests.AdminOrderFlowTest -->
