<?xml version="1.0" encoding="UTF-8"?>
<!-- Generated by org.testng.reporters.JUnitReportReporter -->
<testsuite hostname="DESKTOP-38Q9L5G" failures="0" tests="9" name="tests.AdminOrderFlowTest" time="16.127" errors="0" timestamp="2025-07-04T15:15:45 IST" skipped="0">
  <testcase classname="tests.AdminOrderFlowTest" name="createOrder" time="3.186"/>
  <testcase classname="tests.AdminOrderFlowTest" name="completeStages" time="3.252"/>
  <testcase classname="tests.AdminOrderFlowTest" name="updateUser" time="0.182"/>
  <testcase classname="tests.AdminOrderFlowTest" name="splitOrder" time="0.155"/>
  <testcase classname="tests.AdminOrderFlowTest" name="addRemarks" time="0.740"/>
  <testcase classname="tests.AdminOrderFlowTest" name="verifyCompletion" time="2.507"/>
  <testcase classname="tests.AdminOrderFlowTest" name="updateTAT" time="2.384"/>
  <testcase classname="tests.AdminOrderFlowTest" name="addAndAssignUsers" time="2.931"/>
  <testcase classname="tests.AdminOrderFlowTest" name="addAttachments" time="0.790"/>
</testsuite> <!-- tests.AdminOrderFlowTest -->
