<?xml version="1.0" encoding="UTF-8"?>
<!-- Generated by org.testng.reporters.JUnitReportReporter -->
<testsuite hostname="DESKTOP-38Q9L5G" failures="0" tests="2" name="tests.CreateOrderTest" time="132.921" errors="0" timestamp="2025-06-27T15:31:42 IST" skipped="0">
  <testcase classname="tests.CreateOrderTest" name="testFillNewOrderAndCancelviaAdmin" time="89.324"/>
  <testcase classname="tests.CreateOrderTest" name="assigneeFlow" time="43.597"/>
</testsuite> <!-- tests.CreateOrderTest -->
