<?xml version="1.0" encoding="UTF-8"?>
<!-- Generated by org.testng.reporters.JUnitReportReporter -->
<testsuite hostname="DESKTOP-38Q9L5G" failures="0" tests="1" name="tests.LoginTest" time="6.777" errors="0" timestamp="2025-06-27T12:15:52 IST" skipped="0">
  <testcase classname="tests.LoginTest" name="testLogin" time="6.777"/>
</testsuite> <!-- tests.LoginTest -->
