<?xml version="1.0" encoding="UTF-8"?>
<!-- Generated by org.testng.reporters.JUnitReportReporter -->
<testsuite hostname="DESKTOP-38Q9L5G" failures="0" tests="2" name="tests.CreateOrderTest" time="140.637" errors="0" timestamp="2025-06-27T14:49:43 IST" skipped="0">
  <testcase classname="tests.CreateOrderTest" name="testFillNewOrderAndCancelviaAdmin" time="92.635"/>
  <testcase classname="tests.CreateOrderTest" name="assigneeFlow" time="48.002"/>
</testsuite> <!-- tests.CreateOrderTest -->
