<?xml version="1.0" encoding="UTF-8"?>
<!-- Generated by org.testng.reporters.JUnitReportReporter -->
<testsuite hostname="DESKTOP-38Q9L5G" failures="0" tests="2" name="tests.CreateOrderTest" time="140.826" errors="0" timestamp="2025-07-03T16:09:53 IST" skipped="0">
  <testcase classname="tests.CreateOrderTest" name="testFillNewOrderAndCancelviaAdmin" time="95.191"/>
  <testcase classname="tests.CreateOrderTest" name="assigneeFlow" time="45.635"/>
</testsuite> <!-- tests.CreateOrderTest -->
