<?xml version="1.0" encoding="UTF-8"?>
<!-- Generated by org.testng.reporters.JUnitReportReporter -->
<testsuite hostname="DESKTOP-38Q9L5G" failures="0" tests="2" name="tests.CreateOrderTest" time="137.489" errors="0" timestamp="2025-06-27T16:05:11 IST" skipped="0">
  <testcase classname="tests.CreateOrderTest" name="testFillNewOrderAndCancelviaAdmin" time="92.283"/>
  <testcase classname="tests.CreateOrderTest" name="assigneeFlow" time="45.206"/>
</testsuite> <!-- tests.CreateOrderTest -->
